#-----------------------------------------------------------
# Vivado v2020.2 (64-bit)
# SW Build 3064766 on Wed Nov 18 09:12:45 MST 2020
# IP Build 3064653 on Wed Nov 18 14:17:31 MST 2020
# Start of session at: Sun Mar 14 11:07:05 2021
# Process ID: 11052
# Current directory: E:/class/Master of ANU/6213_Digital Systems and Microprocessors/my_6213/lab2/overflow_counter
# Command line: vivado.exe -gui_launcher_event rodinguilauncherevent4216 E:\class\Master of ANU\6213_Digital Systems and Microprocessors\my_6213\lab2\overflow_counter\overflow_counter.xpr
# Log file: E:/class/Master of ANU/6213_Digital Systems and Microprocessors/my_6213/lab2/overflow_counter/vivado.log
# Journal file: E:/class/Master of ANU/6213_Digital Systems and Microprocessors/my_6213/lab2/overflow_counter\vivado.jou
#-----------------------------------------------------------
start_gui
open_project {E:/class/Master of ANU/6213_Digital Systems and Microprocessors/my_6213/lab2/overflow_counter/overflow_counter.xpr}
INFO: [ProjectBase 1-489] The host OS only allows 260 characters in a normal path. The project is stored in a path with more than 80 characters. If you experience issues with IP, Block Designs, or files not being found, please consider moving the project to a location with a shorter path. Alternately consider using the OS subst command to map part of the path to a drive letter.
Current project path is 'E:/class/Master of ANU/6213_Digital Systems and Microprocessors/my_6213/lab2/overflow_counter'
WARNING: [filemgmt 56-3] Default IP Output Path : Could not find the directory 'E:/class/Master of ANU/6213_Digital Systems and Microprocessors/my_6213/lab2/overflow_counter/overflow_counter.gen/sources_1'.
Scanning sources...
Finished scanning sources
INFO: [IP_Flow 19-234] Refreshing IP repositories
INFO: [IP_Flow 19-1704] No user IP repositories specified
INFO: [IP_Flow 19-2313] Loaded Vivado IP repository 'D:/Xilinx/Vivado/2020.2/data/ip'.
open_project: Time (s): cpu = 00:00:21 ; elapsed = 00:00:24 . Memory (MB): peak = 1017.953 ; gain = 0.000
update_compile_order -fileset sources_1
exit
INFO: [Common 17-206] Exiting Vivado at Sun Mar 14 12:35:25 2021...
